2025-06-24 21:44:26 [INFO] 🚀 CryptoBot started. Trading live on Kraken.
2025-06-24 21:44:29 [DEBUG] RSI: 57.27 | EMA9: 145922.81 | EMA21: 145863.77
2025-06-24 21:44:29 [DEBUG] MACD: 41.2568 | Signal Line: 7.5849
2025-06-24 21:44:29 [DEBUG] Price: 145943.80 | BB Range: [145447.60, 146110.80]
2025-06-24 21:44:29 [INFO] 📈 Signal: HOLD
2025-06-24 21:45:29 [DEBUG] RSI: 66.38 | EMA9: 145990.05 | EMA21: 145901.44
2025-06-24 21:45:29 [DEBUG] MACD: 66.5520 | Signal Line: 21.6083
2025-06-24 21:45:29 [DEBUG] Price: 146118.90 | BB Range: [145441.12, 146187.08]
2025-06-24 21:45:29 [INFO] 📈 Signal: HOLD
2025-06-24 21:46:30 [DEBUG] RSI: 66.38 | EMA9: 146015.82 | EMA21: 145921.21
2025-06-24 21:46:30 [DEBUG] MACD: 74.6713 | Signal Line: 32.2209
2025-06-24 21:46:30 [DEBUG] Price: 146118.90 | BB Range: [145458.87, 146221.62]
2025-06-24 21:46:30 [INFO] 📈 Signal: HOLD
2025-06-24 21:47:30 [DEBUG] RSI: 66.37 | EMA9: 146036.43 | EMA21: 145939.18
2025-06-24 21:47:30 [DEBUG] MACD: 80.1613 | Signal Line: 41.7832
2025-06-24 21:47:30 [DEBUG] Price: 146118.90 | BB Range: [145483.88, 146248.90]
2025-06-24 21:47:30 [INFO] 📈 Signal: HOLD
2025-06-24 21:48:30 [DEBUG] RSI: 58.90 | EMA9: 146037.45 | EMA21: 145948.49
2025-06-24 21:48:30 [DEBUG] MACD: 77.3329 | Signal Line: 48.8181
2025-06-24 21:48:30 [DEBUG] Price: 146041.50 | BB Range: [145520.10, 146257.23]
2025-06-24 21:48:30 [INFO] 📈 Signal: HOLD
2025-06-24 21:49:30 [DEBUG] RSI: 58.90 | EMA9: 146038.26 | EMA21: 145956.95
2025-06-24 21:49:30 [DEBUG] MACD: 74.2795 | Signal Line: 53.9027
2025-06-24 21:49:30 [DEBUG] Price: 146041.50 | BB Range: [145541.37, 146269.65]
2025-06-24 21:49:30 [INFO] 📈 Signal: HOLD
2025-06-24 21:50:30 [DEBUG] RSI: 53.19 | EMA9: 146026.15 | EMA21: 145958.84
2025-06-24 21:50:30 [DEBUG] MACD: 65.9564 | Signal Line: 56.3134
2025-06-24 21:50:30 [DEBUG] Price: 145977.70 | BB Range: [145564.19, 146273.15]
2025-06-24 21:50:30 [INFO] 📈 Signal: HOLD
2025-06-24 21:51:31 [DEBUG] RSI: 53.19 | EMA9: 146016.46 | EMA21: 145960.55
2025-06-24 21:51:31 [DEBUG] MACD: 58.6839 | Signal Line: 56.7875
2025-06-24 21:51:31 [DEBUG] Price: 145977.70 | BB Range: [145597.37, 146270.51]
2025-06-24 21:51:31 [INFO] 📈 Signal: HOLD
2025-06-24 21:52:31 [DEBUG] RSI: 54.69 | EMA9: 146012.49 | EMA21: 145963.84
2025-06-24 21:52:31 [DEBUG] MACD: 53.7639 | Signal Line: 56.1053
2025-06-24 21:52:31 [DEBUG] Price: 145996.60 | BB Range: [145635.00, 146265.31]
2025-06-24 21:52:31 [INFO] 📈 Signal: HOLD
2025-06-24 21:53:31 [DEBUG] RSI: 54.69 | EMA9: 146009.31 | EMA21: 145966.82
2025-06-24 21:53:31 [DEBUG] MACD: 49.3199 | Signal Line: 54.7124
2025-06-24 21:53:31 [DEBUG] Price: 145996.60 | BB Range: [145677.82, 146254.92]
2025-06-24 21:53:31 [INFO] 📈 Signal: HOLD
2025-06-24 21:54:32 [DEBUG] RSI: 59.71 | EMA9: 146019.37 | EMA21: 145975.26
2025-06-24 21:54:32 [DEBUG] MACD: 50.3257 | Signal Line: 53.8351
2025-06-24 21:54:32 [DEBUG] Price: 146059.60 | BB Range: [145749.82, 146228.13]
2025-06-24 21:54:32 [INFO] 📈 Signal: HOLD
2025-06-24 21:55:32 [DEBUG] RSI: 59.72 | EMA9: 146027.41 | EMA21: 145982.92
2025-06-24 21:55:32 [DEBUG] MACD: 50.5706 | Signal Line: 53.2209
2025-06-24 21:55:32 [DEBUG] Price: 146059.60 | BB Range: [145847.13, 146176.03]
2025-06-24 21:55:32 [INFO] 📈 Signal: HOLD
2025-06-24 21:56:32 [DEBUG] RSI: 61.14 | EMA9: 146040.73 | EMA21: 145993.20
2025-06-24 21:56:32 [DEBUG] MACD: 52.9018 | Signal Line: 53.4533
2025-06-24 21:56:32 [DEBUG] Price: 146078.70 | BB Range: [145883.39, 146167.64]
2025-06-24 21:56:32 [INFO] 📈 Signal: HOLD
2025-06-24 21:57:32 [DEBUG] RSI: 52.44 | EMA9: 146032.70 | EMA21: 145993.87
2025-06-24 21:57:32 [DEBUG] MACD: 46.6867 | Signal Line: 52.1257
2025-06-24 21:57:32 [DEBUG] Price: 146000.60 | BB Range: [145927.48, 146141.70]
2025-06-24 21:57:32 [INFO] 📈 Signal: HOLD
2025-06-24 21:58:33 [DEBUG] RSI: 52.44 | EMA9: 146026.28 | EMA21: 145994.48
2025-06-24 21:58:33 [DEBUG] MACD: 41.2681 | Signal Line: 49.9542
2025-06-24 21:58:33 [DEBUG] Price: 146000.60 | BB Range: [145930.50, 146140.90]
2025-06-24 21:58:33 [INFO] 📈 Signal: HOLD
2025-06-24 21:59:33 [DEBUG] RSI: 55.42 | EMA9: 146027.46 | EMA21: 145997.91
2025-06-24 21:59:33 [DEBUG] MACD: 39.0733 | Signal Line: 47.7780
2025-06-24 21:59:33 [DEBUG] Price: 146032.20 | BB Range: [145932.46, 146141.36]
2025-06-24 21:59:33 [INFO] 📈 Signal: HOLD
2025-06-24 22:00:34 [DEBUG] RSI: 56.18 | EMA9: 146033.37 | EMA21: 146003.45
2025-06-24 22:00:34 [DEBUG] MACD: 38.8515 | Signal Line: 46.2166
2025-06-24 22:00:34 [DEBUG] Price: 146043.30 | BB Range: [145934.35, 146143.13]
2025-06-24 22:00:34 [INFO] 📈 Signal: HOLD
2025-06-24 22:01:34 [DEBUG] RSI: 52.78 | EMA9: 146029.47 | EMA21: 146004.40
2025-06-24 22:01:34 [DEBUG] MACD: 34.8172 | Signal Line: 43.9368
2025-06-24 22:01:34 [DEBUG] Price: 146013.90 | BB Range: [145935.13, 146143.09]
2025-06-24 22:01:34 [INFO] 📈 Signal: HOLD
2025-06-24 22:02:34 [DEBUG] RSI: 52.79 | EMA9: 146026.36 | EMA21: 146005.25
2025-06-24 22:02:34 [DEBUG] MACD: 31.3064 | Signal Line: 41.4700
2025-06-24 22:02:34 [DEBUG] Price: 146013.90 | BB Range: [145935.92, 146143.04]
2025-06-24 22:02:34 [INFO] 📈 Signal: HOLD
2025-06-24 22:03:35 [DEBUG] RSI: 53.27 | EMA9: 146024.75 | EMA21: 146006.44
2025-06-24 22:03:35 [DEBUG] MACD: 28.4841 | Signal Line: 38.8394
2025-06-24 22:03:35 [DEBUG] Price: 146018.30 | BB Range: [145948.71, 146137.70]
2025-06-24 22:03:35 [INFO] 📈 Signal: HOLD
2025-06-24 22:04:35 [DEBUG] RSI: 53.27 | EMA9: 146023.46 | EMA21: 146007.52
2025-06-24 22:04:35 [DEBUG] MACD: 25.9706 | Signal Line: 36.2656
2025-06-24 22:04:35 [DEBUG] Price: 146018.30 | BB Range: [145949.82, 146126.53]
2025-06-24 22:04:35 [INFO] 📈 Signal: HOLD
2025-06-24 22:05:36 [DEBUG] RSI: 53.27 | EMA9: 146022.43 | EMA21: 146008.50
2025-06-24 22:05:36 [DEBUG] MACD: 23.7053 | Signal Line: 33.7536
2025-06-24 22:05:36 [DEBUG] Price: 146018.30 | BB Range: [145952.64, 146113.65]
2025-06-24 22:05:36 [INFO] 📈 Signal: HOLD
2025-06-24 22:06:36 [DEBUG] RSI: 53.28 | EMA9: 146021.60 | EMA21: 146009.39
2025-06-24 22:06:36 [DEBUG] MACD: 21.6751 | Signal Line: 31.3565
2025-06-24 22:06:36 [DEBUG] Price: 146018.30 | BB Range: [145957.74, 146098.49]
2025-06-24 22:06:36 [INFO] 📈 Signal: HOLD
2025-06-24 22:07:36 [DEBUG] RSI: 53.28 | EMA9: 146020.94 | EMA21: 146010.20
2025-06-24 22:07:36 [DEBUG] MACD: 19.8358 | Signal Line: 29.0661
2025-06-24 22:07:36 [DEBUG] Price: 146018.30 | BB Range: [145966.32, 146079.85]
2025-06-24 22:07:36 [INFO] 📈 Signal: HOLD
2025-06-24 22:08:37 [DEBUG] RSI: 62.99 | EMA9: 146035.71 | EMA21: 146017.89
2025-06-24 22:08:37 [DEBUG] MACD: 24.2622 | Signal Line: 28.1053
2025-06-24 22:08:37 [DEBUG] Price: 146094.80 | BB Range: [145961.29, 146090.21]
2025-06-24 22:08:37 [INFO] 📈 Signal: HOLD
2025-06-24 22:09:37 [DEBUG] RSI: 73.69 | EMA9: 146099.15 | EMA21: 146049.70
2025-06-24 22:09:37 [DEBUG] MACD: 47.7388 | Signal Line: 33.7742
2025-06-24 22:09:37 [DEBUG] Price: 146243.70 | BB Range: [145901.42, 146183.95]
2025-06-24 22:09:37 [INFO] 📈 Signal: HOLD
2025-06-24 22:10:38 [DEBUG] RSI: 78.45 | EMA9: 146166.26 | EMA21: 146085.75
2025-06-24 22:10:38 [DEBUG] MACD: 72.0555 | Signal Line: 42.7847
2025-06-24 22:10:38 [DEBUG] Price: 146349.80 | BB Range: [145851.03, 146282.16]
2025-06-24 22:10:38 [INFO] 📈 Signal: HOLD
2025-06-24 22:11:38 [DEBUG] RSI: 78.45 | EMA9: 146202.96 | EMA21: 146109.75
2025-06-24 22:11:38 [DEBUG] MACD: 83.6547 | Signal Line: 50.9587
2025-06-24 22:11:38 [DEBUG] Price: 146349.80 | BB Range: [145841.18, 146329.22]
2025-06-24 22:11:38 [INFO] 📈 Signal: HOLD
2025-06-24 22:12:38 [DEBUG] RSI: 82.55 | EMA9: 146267.53 | EMA21: 146148.32
2025-06-24 22:12:38 [DEBUG] MACD: 105.6619 | Signal Line: 62.8566
2025-06-24 22:12:38 [DEBUG] Price: 146465.80 | BB Range: [145807.37, 146417.45]
2025-06-24 22:12:38 [INFO] 📈 Signal: HOLD
2025-06-24 22:13:39 [DEBUG] RSI: 86.11 | EMA9: 146334.77 | EMA21: 146189.72
2025-06-24 22:13:39 [DEBUG] MACD: 128.0251 | Signal Line: 75.9056
2025-06-24 22:13:39 [DEBUG] Price: 146603.70 | BB Range: [145775.40, 146510.13]
2025-06-24 22:13:39 [INFO] 📈 Signal: HOLD
2025-06-24 22:14:39 [DEBUG] RSI: 86.13 | EMA9: 146388.55 | EMA21: 146227.34
2025-06-24 22:14:39 [DEBUG] MACD: 144.1639 | Signal Line: 89.6678
2025-06-24 22:14:39 [DEBUG] Price: 146603.70 | BB Range: [145753.91, 146586.03]
2025-06-24 22:14:39 [INFO] 📈 Signal: HOLD
2025-06-24 22:15:39 [DEBUG] RSI: 86.13 | EMA9: 146431.58 | EMA21: 146261.55
2025-06-24 22:15:39 [DEBUG] MACD: 155.0918 | Signal Line: 102.7526
2025-06-24 22:15:39 [DEBUG] Price: 146603.70 | BB Range: [145742.01, 146650.43]
2025-06-24 22:15:39 [INFO] 📈 Signal: HOLD
2025-06-24 22:16:40 [DEBUG] RSI: 86.13 | EMA9: 146466.01 | EMA21: 146292.66
2025-06-24 22:16:40 [DEBUG] MACD: 161.8861 | Signal Line: 114.5793
2025-06-24 22:16:40 [DEBUG] Price: 146603.70 | BB Range: [145738.74, 146706.20]
2025-06-24 22:16:40 [INFO] 📈 Signal: HOLD
2025-06-24 22:17:40 [DEBUG] RSI: 73.97 | EMA9: 146483.18 | EMA21: 146316.43
2025-06-24 22:17:40 [DEBUG] MACD: 161.2111 | Signal Line: 124.2064
2025-06-24 22:17:40 [DEBUG] Price: 146535.10 | BB Range: [145756.38, 146744.11]
2025-06-24 22:17:40 [INFO] 📈 Signal: HOLD
