2025-06-25 09:16:41 [INFO] 🚀 CryptoBot started. Trading live on Kraken.
2025-06-25 09:16:44 [DEBUG] RSI: 87.24 | EMA9: 147578.84 | EMA21: 147475.86
2025-06-25 09:16:44 [DEBUG] MACD: 100.1002 | Signal Line: 75.6826
2025-06-25 09:16:44 [DEBUG] Price: 147679.90 | BB Range: [147233.87, 147692.97]
2025-06-25 09:16:44 [INFO] 📈 Signal: HOLD
2025-06-25 09:17:44 [DEBUG] RSI: 93.61 | EMA9: 147663.07 | EMA21: 147523.51
2025-06-25 09:17:44 [DEBUG] MACD: 128.8805 | Signal Line: 86.3222
2025-06-25 09:17:44 [DEBUG] Price: 148000.00 | BB Range: [147171.24, 147818.35]
2025-06-25 09:17:44 [INFO] 📈 Signal: HOLD
2025-06-25 09:18:44 [DEBUG] RSI: 93.60 | EMA9: 147730.44 | EMA21: 147566.82
2025-06-25 09:18:44 [DEBUG] MACD: 149.9524 | Signal Line: 99.0482
2025-06-25 09:18:44 [DEBUG] Price: 147999.90 | BB Range: [147133.67, 147912.67]
2025-06-25 09:18:44 [INFO] 📈 Signal: HOLD
2025-06-25 09:19:45 [DEBUG] RSI: 93.60 | EMA9: 147784.35 | EMA21: 147606.20
2025-06-25 09:19:45 [DEBUG] MACD: 164.7609 | Signal Line: 112.1908
2025-06-25 09:19:45 [DEBUG] Price: 148000.00 | BB Range: [147113.01, 147990.09]
2025-06-25 09:19:45 [INFO] 📈 Signal: HOLD
2025-06-25 09:20:45 [DEBUG] RSI: 94.63 | EMA9: 147847.16 | EMA21: 147650.95
2025-06-25 09:20:45 [DEBUG] MACD: 182.3349 | Signal Line: 126.2196
2025-06-25 09:20:45 [DEBUG] Price: 148098.40 | BB Range: [147094.67, 148078.90]
2025-06-25 09:20:45 [INFO] 📈 Signal: HOLD
2025-06-25 09:21:45 [DEBUG] RSI: 94.63 | EMA9: 147897.41 | EMA21: 147691.62
2025-06-25 09:21:45 [DEBUG] MACD: 194.0258 | Signal Line: 139.7808
2025-06-25 09:21:45 [DEBUG] Price: 148098.40 | BB Range: [147090.88, 148153.16]
2025-06-25 09:21:45 [INFO] 📈 Signal: HOLD
